[2026-02-12 11:22:03.230] [INFO] run() called: arbiterCount=0, autoApprove=True
[2026-02-12 11:22:03.236] [INFO] Starting Architect agent
[2026-02-12 11:22:03.238] [INFO] Starting agent: Architect
[2026-02-12 11:25:31.886] [INFO] Agent Architect completed, output length: 1345
[2026-02-12 11:25:31.893] [INFO] Planning completed: 1 sprints found
[2026-02-12 11:25:32.308] [INFO] Starting execution with 1 sprints (0 historical preserved)
[2026-02-12 11:25:32.311] [INFO] Running 1 sprints (skipping 0 already done)
[2026-02-12 11:25:32.314] [INFO] runAllBacklogItems: 1 items remaining
[2026-02-12 11:25:32.317] [INFO] runBacklogItem: Sprint 1 (Fix FS0075 NoWarn), iteration 1
[2026-02-12 11:25:32.332] [INFO] Starting agent: Implement-1
[2026-02-12 11:26:48.087] [INFO] Agent Implement-1 completed, output length: 843
[2026-02-12 11:26:48.128] [INFO] Starting agent: Verify-FUNCTIONAL
[2026-02-12 11:27:26.682] [INFO] Agent Verify-FUNCTIONAL completed, output length: 1108
[2026-02-12 11:27:26.751] [INFO] Starting agent: Verify-TEST-COVERAGE
[2026-02-12 11:28:24.202] [INFO] Agent Verify-TEST-COVERAGE completed, output length: 1430
[2026-02-12 11:28:24.276] [INFO] Starting agent: Verify-CODE-QUALITY
[2026-02-12 11:28:45.731] [INFO] Agent Verify-CODE-QUALITY completed, output length: 952
[2026-02-12 11:28:45.793] [INFO] Starting agent: Verify-PERF
[2026-02-12 11:28:59.950] [INFO] Agent Verify-PERF completed, output length: 478
[2026-02-12 11:29:00.015] [INFO] Starting agent: Verify-TEST-CODE-QUALITY
[2026-02-12 11:29:11.955] [INFO] Agent Verify-TEST-CODE-QUALITY completed, output length: 382
[2026-02-12 11:29:12.018] [INFO] Starting agent: Verify-NO-LEFTOVERS
[2026-02-12 11:29:58.503] [INFO] Agent Verify-NO-LEFTOVERS completed, output length: 738
[2026-02-12 11:29:58.562] [INFO] Starting agent: Verify-HONEST-ASSESSMENT
[2026-02-12 11:30:30.849] [INFO] Agent Verify-HONEST-ASSESSMENT completed, output length: 1126
[2026-02-12 11:30:30.883] [INFO] runAllBacklogItems: 0 items remaining
[2026-02-12 11:30:30.883] [INFO] All backlog items completed successfully
[2026-02-12 11:30:30.884] [INFO] All sprints completed, running final checks
[2026-02-12 11:30:30.891] [INFO] Starting agent: FinalVerify-FUNCTIONAL
[2026-02-12 11:30:41.921] [INFO] Agent FinalVerify-FUNCTIONAL completed, output length: 0
[2026-02-12 11:30:41.923] [ERROR] Agent FinalVerify-FUNCTIONAL exited with code 1: (no error text)
[2026-02-12 11:30:41.930] [INFO] Starting agent: FinalVerify-TEST-COVERAGE
[2026-02-12 11:34:26.569] [INFO] Agent FinalVerify-TEST-COVERAGE completed, output length: 1201
[2026-02-12 11:34:26.573] [INFO] Starting agent: FinalVerify-CODE-QUALITY
[2026-02-12 11:36:03.390] [INFO] Agent FinalVerify-CODE-QUALITY completed, output length: 2962
[2026-02-12 11:36:03.394] [INFO] Starting agent: FinalVerify-PERF
[2026-02-12 11:37:11.755] [INFO] Agent FinalVerify-PERF completed, output length: 1236
[2026-02-12 11:37:11.759] [INFO] Starting agent: FinalVerify-TEST-CODE-QUALITY
[2026-02-12 11:37:45.302] [INFO] Agent FinalVerify-TEST-CODE-QUALITY completed, output length: 1566
[2026-02-12 11:37:45.307] [INFO] Starting agent: FinalVerify-NO-LEFTOVERS
[2026-02-12 11:38:06.472] [INFO] Agent FinalVerify-NO-LEFTOVERS completed, output length: 561
[2026-02-12 11:38:06.475] [INFO] Starting agent: FinalVerify-HONEST-ASSESSMENT
[2026-02-12 11:38:26.550] [INFO] Agent FinalVerify-HONEST-ASSESSMENT completed, output length: 1315
[2026-02-12 11:38:26.557] [INFO] runBacklogItem: Sprint 2 (Fixup #1), iteration 1
[2026-02-12 11:38:26.558] [INFO] Starting agent: Implement-2
[2026-02-12 11:40:04.325] [INFO] Agent Implement-2 completed, output length: 624
[2026-02-12 11:40:04.362] [INFO] Starting agent: Verify-FUNCTIONAL
[2026-02-12 11:41:16.635] [INFO] Agent Verify-FUNCTIONAL completed, output length: 2497
[2026-02-12 11:41:16.877] [INFO] Starting agent: Verify-TEST-COVERAGE
[2026-02-12 11:42:52.335] [INFO] Agent Verify-TEST-COVERAGE completed, output length: 1292
[2026-02-12 11:42:52.406] [INFO] Starting agent: Verify-CODE-QUALITY
[2026-02-12 11:44:42.317] [INFO] Agent Verify-CODE-QUALITY completed, output length: 1868
[2026-02-12 11:44:42.407] [INFO] Starting agent: Verify-PERF
[2026-02-12 11:45:54.444] [INFO] Agent Verify-PERF completed, output length: 1287
[2026-02-12 11:45:54.520] [INFO] Starting agent: Verify-TEST-CODE-QUALITY
[2026-02-12 11:46:59.549] [INFO] Agent Verify-TEST-CODE-QUALITY completed, output length: 1182
[2026-02-12 11:46:59.637] [INFO] Starting agent: Verify-NO-LEFTOVERS
[2026-02-12 11:47:43.572] [INFO] Agent Verify-NO-LEFTOVERS completed, output length: 880
[2026-02-12 11:47:43.649] [INFO] Starting agent: Verify-HONEST-ASSESSMENT
[2026-02-12 11:48:34.866] [INFO] Agent Verify-HONEST-ASSESSMENT completed, output length: 1530
[2026-02-12 11:48:34.940] [INFO] Starting agent: FinalVerify-FUNCTIONAL
[2026-02-12 11:49:50.989] [INFO] Agent FinalVerify-FUNCTIONAL completed, output length: 1908
[2026-02-12 11:49:50.995] [INFO] Starting agent: FinalVerify-TEST-COVERAGE
[2026-02-12 11:51:32.132] [INFO] Agent FinalVerify-TEST-COVERAGE completed, output length: 1899
[2026-02-12 11:51:32.137] [INFO] Starting agent: FinalVerify-CODE-QUALITY
[2026-02-12 11:53:21.171] [INFO] Agent FinalVerify-CODE-QUALITY completed, output length: 1392
[2026-02-12 11:53:21.266] [INFO] Starting agent: FinalVerify-PERF
[2026-02-12 11:54:55.628] [INFO] Agent FinalVerify-PERF completed, output length: 1397
[2026-02-12 11:54:55.634] [INFO] Starting agent: FinalVerify-TEST-CODE-QUALITY
[2026-02-12 11:55:48.526] [INFO] Agent FinalVerify-TEST-CODE-QUALITY completed, output length: 1383
[2026-02-12 11:55:48.530] [INFO] Starting agent: FinalVerify-NO-LEFTOVERS
[2026-02-12 11:56:27.205] [INFO] Agent FinalVerify-NO-LEFTOVERS completed, output length: 576
[2026-02-12 11:56:27.209] [INFO] Starting agent: FinalVerify-HONEST-ASSESSMENT
[2026-02-12 11:57:20.416] [INFO] Agent FinalVerify-HONEST-ASSESSMENT completed, output length: 1778
[2026-02-12 11:57:20.422] [INFO] Final checks passed
[2026-02-12 11:57:22.600] [INFO] run() called: arbiterCount=0, autoApprove=True
[2026-02-12 11:57:22.606] [INFO] Starting Architect agent
[2026-02-12 11:57:22.606] [INFO] Starting agent: Architect
